Compiling the CXX compiler identification source file "CMakeCXXCompilerId.cpp" failed.
Compiler: /contrib/bin/g++ 
Build flags: -include;"/home/project/cu_riscv32i_cycle_accurate/work/cu_riscv32i_cycle_accurate_options.hcodal"
Id flags:  

The output was:
1
cc1plus: fatal error: "/home/project/cu_riscv32i_cycle_accurate/work/cu_riscv32i_cycle_accurate_options.hcodal": No such file or directory
compilation terminated.


Compiling the CXX compiler identification source file "CMakeCXXCompilerId.cpp" failed.
Compiler: /contrib/bin/g++ 
Build flags: -include;"/home/project/cu_riscv32i_cycle_accurate/work/cu_riscv32i_cycle_accurate_options.hcodal"
Id flags: -c 

The output was:
1
cc1plus: fatal error: "/home/project/cu_riscv32i_cycle_accurate/work/cu_riscv32i_cycle_accurate_options.hcodal": No such file or directory
compilation terminated.


Compiling the CXX compiler identification source file "CMakeCXXCompilerId.cpp" failed.
Compiler: /contrib/bin/g++ 
Build flags: -include;"/home/project/cu_riscv32i_cycle_accurate/work/cu_riscv32i_cycle_accurate_options.hcodal"
Id flags: --c++ 

The output was:
1
g++: error: unrecognized command line option '--c++'


Compiling the CXX compiler identification source file "CMakeCXXCompilerId.cpp" failed.
Compiler: /contrib/bin/g++ 
Build flags: -include;"/home/project/cu_riscv32i_cycle_accurate/work/cu_riscv32i_cycle_accurate_options.hcodal"
Id flags: --ec++ 

The output was:
1
g++: error: unrecognized command line option '--ec++'; did you mean '-Weffc++'?


Compiling the CXX compiler identification source file "CMakeCXXCompilerId.cpp" failed.
Compiler: /contrib/bin/g++ 
Build flags: -include;"/home/project/cu_riscv32i_cycle_accurate/work/cu_riscv32i_cycle_accurate_options.hcodal"
Id flags: --target=arm-arm-none-eabi;-mcpu=cortex-m3 

The output was:
1
g++: warning: '-mcpu=' is deprecated; use '-mtune=' or '-march=' instead
g++: error: unrecognized command line option '--target=arm-arm-none-eabi'


Determining if the include file malloc/malloc.h exists failed with the following output:
Change Dir: /home/project/cu_riscv32i_cycle_accurate/work/ia/llvm/build/CMakeFiles/CMakeTmp

Run Build Command(s):/contrib/bin/ninja cmTC_d76c5 && [1/2] Building C object CMakeFiles/cmTC_d76c5.dir/CheckIncludeFile.c.o
FAILED: CMakeFiles/cmTC_d76c5.dir/CheckIncludeFile.c.o 
/contrib/bin/gcc    -o CMakeFiles/cmTC_d76c5.dir/CheckIncludeFile.c.o   -c CheckIncludeFile.c
CheckIncludeFile.c:1:10: fatal error: malloc/malloc.h: No such file or directory
 #include <malloc/malloc.h>
          ^~~~~~~~~~~~~~~~~
compilation terminated.
ninja: build stopped: subcommand failed.



Determining if the include file valgrind/valgrind.h exists failed with the following output:
Change Dir: /home/project/cu_riscv32i_cycle_accurate/work/ia/llvm/build/CMakeFiles/CMakeTmp

Run Build Command(s):/contrib/bin/ninja cmTC_2f9f2 && [1/2] Building C object CMakeFiles/cmTC_2f9f2.dir/CheckIncludeFile.c.o
FAILED: CMakeFiles/cmTC_2f9f2.dir/CheckIncludeFile.c.o 
/contrib/bin/gcc    -o CMakeFiles/cmTC_2f9f2.dir/CheckIncludeFile.c.o   -c CheckIncludeFile.c
CheckIncludeFile.c:1:10: fatal error: valgrind/valgrind.h: No such file or directory
 #include <valgrind/valgrind.h>
          ^~~~~~~~~~~~~~~~~~~~~
compilation terminated.
ninja: build stopped: subcommand failed.



Determining if the include file mach/mach.h exists failed with the following output:
Change Dir: /home/project/cu_riscv32i_cycle_accurate/work/ia/llvm/build/CMakeFiles/CMakeTmp

Run Build Command(s):/contrib/bin/ninja cmTC_b6213 && [1/2] Building C object CMakeFiles/cmTC_b6213.dir/CheckIncludeFile.c.o
FAILED: CMakeFiles/cmTC_b6213.dir/CheckIncludeFile.c.o 
/contrib/bin/gcc    -o CMakeFiles/cmTC_b6213.dir/CheckIncludeFile.c.o   -c CheckIncludeFile.c
CheckIncludeFile.c:1:10: fatal error: mach/mach.h: No such file or directory
 #include <mach/mach.h>
          ^~~~~~~~~~~~~
compilation terminated.
ninja: build stopped: subcommand failed.



Determining if the include file CrashReporterClient.h exists failed with the following output:
Change Dir: /home/project/cu_riscv32i_cycle_accurate/work/ia/llvm/build/CMakeFiles/CMakeTmp

Run Build Command(s):/contrib/bin/ninja cmTC_26e96 && [1/2] Building C object CMakeFiles/cmTC_26e96.dir/CheckIncludeFile.c.o
FAILED: CMakeFiles/cmTC_26e96.dir/CheckIncludeFile.c.o 
/contrib/bin/gcc    -o CMakeFiles/cmTC_26e96.dir/CheckIncludeFile.c.o   -c CheckIncludeFile.c
CheckIncludeFile.c:1:10: fatal error: CrashReporterClient.h: No such file or directory
 #include <CrashReporterClient.h>
          ^~~~~~~~~~~~~~~~~~~~~~~
compilation terminated.
ninja: build stopped: subcommand failed.



Determining if the function pfm_initialize exists in the pfm failed with the following output:
Change Dir: /home/project/cu_riscv32i_cycle_accurate/work/ia/llvm/build/CMakeFiles/CMakeTmp

Run Build Command(s):/contrib/bin/ninja cmTC_9e1c5 && [1/2] Building C object CMakeFiles/cmTC_9e1c5.dir/CheckFunctionExists.c.o
[2/2] Linking C executable cmTC_9e1c5
FAILED: cmTC_9e1c5 
: && /contrib/bin/gcc -DCHECK_FUNCTION_EXISTS=pfm_initialize  -static-libgcc -static-libstdc++ CMakeFiles/cmTC_9e1c5.dir/CheckFunctionExists.c.o  -o cmTC_9e1c5  -lpfm  -lm && :
/contrib/bin/../lib/gcc/x86_64-linux-gnu/7.4.0/../../../../x86_64-linux-gnu/bin/ld: cannot find -lpfm
collect2: error: ld returned 1 exit status
ninja: build stopped: subcommand failed.



Performing C SOURCE FILE Test CMAKE_HAVE_LIBC_PTHREAD failed with the following output:
Change Dir: /home/project/cu_riscv32i_cycle_accurate/work/ia/llvm/build/CMakeFiles/CMakeTmp

Run Build Command(s):/contrib/bin/ninja cmTC_16d5a && [1/2] Building C object CMakeFiles/cmTC_16d5a.dir/src.c.o
[2/2] Linking C executable cmTC_16d5a
FAILED: cmTC_16d5a 
: && /contrib/bin/gcc -DCMAKE_HAVE_LIBC_PTHREAD  -static-libgcc -static-libstdc++ CMakeFiles/cmTC_16d5a.dir/src.c.o  -o cmTC_16d5a  -lm && :
CMakeFiles/cmTC_16d5a.dir/src.c.o: In function `main':
src.c:(.text+0x2d): undefined reference to `pthread_create'
src.c:(.text+0x39): undefined reference to `pthread_detach'
src.c:(.text+0x45): undefined reference to `pthread_cancel'
src.c:(.text+0x56): undefined reference to `pthread_join'
collect2: error: ld returned 1 exit status
ninja: build stopped: subcommand failed.


Source file was:
#include <pthread.h>

void* test_func(void* data)
{
  return data;
}

int main(void)
{
  pthread_t thread;
  pthread_create(&thread, NULL, test_func, NULL);
  pthread_detach(thread);
  pthread_cancel(thread);
  pthread_join(thread, NULL);
  pthread_atfork(NULL, NULL, NULL);
  pthread_exit(NULL);

  return 0;
}

Determining if the function pthread_create exists in the pthreads failed with the following output:
Change Dir: /home/project/cu_riscv32i_cycle_accurate/work/ia/llvm/build/CMakeFiles/CMakeTmp

Run Build Command(s):/contrib/bin/ninja cmTC_4d4fd && [1/2] Building C object CMakeFiles/cmTC_4d4fd.dir/CheckFunctionExists.c.o
[2/2] Linking C executable cmTC_4d4fd
FAILED: cmTC_4d4fd 
: && /contrib/bin/gcc -DCHECK_FUNCTION_EXISTS=pthread_create  -static-libgcc -static-libstdc++ CMakeFiles/cmTC_4d4fd.dir/CheckFunctionExists.c.o  -o cmTC_4d4fd  -lpthreads  -lm && :
/contrib/bin/../lib/gcc/x86_64-linux-gnu/7.4.0/../../../../x86_64-linux-gnu/bin/ld: cannot find -lpthreads
collect2: error: ld returned 1 exit status
ninja: build stopped: subcommand failed.



Determining if the function setupterm exists in the terminfo failed with the following output:
Change Dir: /home/project/cu_riscv32i_cycle_accurate/work/ia/llvm/build/CMakeFiles/CMakeTmp

Run Build Command(s):/contrib/bin/ninja cmTC_241d2 && [1/2] Building C object CMakeFiles/cmTC_241d2.dir/CheckFunctionExists.c.o
[2/2] Linking C executable cmTC_241d2
FAILED: cmTC_241d2 
: && /contrib/bin/gcc -DCHECK_FUNCTION_EXISTS=setupterm  -static-libgcc -static-libstdc++ CMakeFiles/cmTC_241d2.dir/CheckFunctionExists.c.o  -o cmTC_241d2  -lterminfo  -lm && :
/contrib/bin/../lib/gcc/x86_64-linux-gnu/7.4.0/../../../../x86_64-linux-gnu/bin/ld: cannot find -lterminfo
collect2: error: ld returned 1 exit status
ninja: build stopped: subcommand failed.



Determining if the function xar_open exists in the xar failed with the following output:
Change Dir: /home/project/cu_riscv32i_cycle_accurate/work/ia/llvm/build/CMakeFiles/CMakeTmp

Run Build Command(s):/contrib/bin/ninja cmTC_b425f && [1/2] Building C object CMakeFiles/cmTC_b425f.dir/CheckFunctionExists.c.o
[2/2] Linking C executable cmTC_b425f
FAILED: cmTC_b425f 
: && /contrib/bin/gcc -DCHECK_FUNCTION_EXISTS=xar_open  -static-libgcc -static-libstdc++ CMakeFiles/cmTC_b425f.dir/CheckFunctionExists.c.o  -o cmTC_b425f  -lxar  -lm && :
/contrib/bin/../lib/gcc/x86_64-linux-gnu/7.4.0/../../../../x86_64-linux-gnu/bin/ld: cannot find -lxar
collect2: error: ld returned 1 exit status
ninja: build stopped: subcommand failed.



Determining if the arc4random exist failed with the following output:
Change Dir: /home/project/cu_riscv32i_cycle_accurate/work/ia/llvm/build/CMakeFiles/CMakeTmp

Run Build Command(s):/contrib/bin/ninja cmTC_d956f && [1/2] Building C object CMakeFiles/cmTC_d956f.dir/CheckSymbolExists.c.o
FAILED: CMakeFiles/cmTC_d956f.dir/CheckSymbolExists.c.o 
/contrib/bin/gcc    -o CMakeFiles/cmTC_d956f.dir/CheckSymbolExists.c.o   -c CheckSymbolExists.c
CheckSymbolExists.c: In function 'main':
CheckSymbolExists.c:8:19: error: 'arc4random' undeclared (first use in this function); did you mean 'srandom'?
   return ((int*)(&arc4random))[argc];
                   ^~~~~~~~~~
                   srandom
CheckSymbolExists.c:8:19: note: each undeclared identifier is reported only once for each function it appears in
ninja: build stopped: subcommand failed.


File /home/project/cu_riscv32i_cycle_accurate/work/ia/llvm/build/CMakeFiles/CMakeTmp/CheckSymbolExists.c:
/* */
#include <stdlib.h>

int main(int argc, char** argv)
{
  (void)argv;
#ifndef arc4random
  return ((int*)(&arc4random))[argc];
#else
  (void)argc;
  return 0;
#endif
}
Performing C SOURCE FILE Test C_SUPPORTS_WERROR_UNGUARDED_AVAILABILITY_NEW failed with the following output:
Change Dir: /home/project/cu_riscv32i_cycle_accurate/work/ia/llvm/build/CMakeFiles/CMakeTmp

Run Build Command(s):/contrib/bin/ninja cmTC_8de7e && [1/2] Building C object CMakeFiles/cmTC_8de7e.dir/src.c.o
FAILED: CMakeFiles/cmTC_8de7e.dir/src.c.o 
/contrib/bin/gcc   -DC_SUPPORTS_WERROR_UNGUARDED_AVAILABILITY_NEW   -Werror=unguarded-availability-new -o CMakeFiles/cmTC_8de7e.dir/src.c.o   -c src.c
cc1: error: -Werror=unguarded-availability-new: no option -Wunguarded-availability-new
ninja: build stopped: subcommand failed.


Source file was:
int main(void) { return 0; }
Determining if the mallctl exist failed with the following output:
Change Dir: /home/project/cu_riscv32i_cycle_accurate/work/ia/llvm/build/CMakeFiles/CMakeTmp

Run Build Command(s):/contrib/bin/ninja cmTC_9a1db && [1/2] Building C object CMakeFiles/cmTC_9a1db.dir/CheckSymbolExists.c.o
FAILED: CMakeFiles/cmTC_9a1db.dir/CheckSymbolExists.c.o 
/contrib/bin/gcc    -o CMakeFiles/cmTC_9a1db.dir/CheckSymbolExists.c.o   -c CheckSymbolExists.c
CheckSymbolExists.c:2:10: fatal error: malloc_np.h: No such file or directory
 #include <malloc_np.h>
          ^~~~~~~~~~~~~
compilation terminated.
ninja: build stopped: subcommand failed.


File /home/project/cu_riscv32i_cycle_accurate/work/ia/llvm/build/CMakeFiles/CMakeTmp/CheckSymbolExists.c:
/* */
#include <malloc_np.h>

int main(int argc, char** argv)
{
  (void)argv;
#ifndef mallctl
  return ((int*)(&mallctl))[argc];
#else
  (void)argc;
  return 0;
#endif
}
Determining if the malloc_zone_statistics exist failed with the following output:
Change Dir: /home/project/cu_riscv32i_cycle_accurate/work/ia/llvm/build/CMakeFiles/CMakeTmp

Run Build Command(s):/contrib/bin/ninja cmTC_50b01 && [1/2] Building C object CMakeFiles/cmTC_50b01.dir/CheckSymbolExists.c.o
FAILED: CMakeFiles/cmTC_50b01.dir/CheckSymbolExists.c.o 
/contrib/bin/gcc    -o CMakeFiles/cmTC_50b01.dir/CheckSymbolExists.c.o   -c CheckSymbolExists.c
CheckSymbolExists.c:2:10: fatal error: malloc/malloc.h: No such file or directory
 #include <malloc/malloc.h>
          ^~~~~~~~~~~~~~~~~
compilation terminated.
ninja: build stopped: subcommand failed.


File /home/project/cu_riscv32i_cycle_accurate/work/ia/llvm/build/CMakeFiles/CMakeTmp/CheckSymbolExists.c:
/* */
#include <malloc/malloc.h>

int main(int argc, char** argv)
{
  (void)argv;
#ifndef malloc_zone_statistics
  return ((int*)(&malloc_zone_statistics))[argc];
#else
  (void)argc;
  return 0;
#endif
}
Determining if the strerror_s exist failed with the following output:
Change Dir: /home/project/cu_riscv32i_cycle_accurate/work/ia/llvm/build/CMakeFiles/CMakeTmp

Run Build Command(s):/contrib/bin/ninja cmTC_bf0a7 && [1/2] Building C object CMakeFiles/cmTC_bf0a7.dir/CheckSymbolExists.c.o
FAILED: CMakeFiles/cmTC_bf0a7.dir/CheckSymbolExists.c.o 
/contrib/bin/gcc    -o CMakeFiles/cmTC_bf0a7.dir/CheckSymbolExists.c.o   -c CheckSymbolExists.c
CheckSymbolExists.c: In function 'main':
CheckSymbolExists.c:8:19: error: 'strerror_s' undeclared (first use in this function); did you mean 'strerror_l'?
   return ((int*)(&strerror_s))[argc];
                   ^~~~~~~~~~
                   strerror_l
CheckSymbolExists.c:8:19: note: each undeclared identifier is reported only once for each function it appears in
ninja: build stopped: subcommand failed.


File /home/project/cu_riscv32i_cycle_accurate/work/ia/llvm/build/CMakeFiles/CMakeTmp/CheckSymbolExists.c:
/* */
#include <string.h>

int main(int argc, char** argv)
{
  (void)argv;
#ifndef strerror_s
  return ((int*)(&strerror_s))[argc];
#else
  (void)argc;
  return 0;
#endif
}
Determining if the dladdr exist failed with the following output:
Change Dir: /home/project/cu_riscv32i_cycle_accurate/work/ia/llvm/build/CMakeFiles/CMakeTmp

Run Build Command(s):/contrib/bin/ninja cmTC_5447b && [1/2] Building C object CMakeFiles/cmTC_5447b.dir/CheckSymbolExists.c.o
FAILED: CMakeFiles/cmTC_5447b.dir/CheckSymbolExists.c.o 
/contrib/bin/gcc    -o CMakeFiles/cmTC_5447b.dir/CheckSymbolExists.c.o   -c CheckSymbolExists.c
CheckSymbolExists.c: In function 'main':
CheckSymbolExists.c:8:19: error: 'dladdr' undeclared (first use in this function)
   return ((int*)(&dladdr))[argc];
                   ^~~~~~
CheckSymbolExists.c:8:19: note: each undeclared identifier is reported only once for each function it appears in
ninja: build stopped: subcommand failed.


File /home/project/cu_riscv32i_cycle_accurate/work/ia/llvm/build/CMakeFiles/CMakeTmp/CheckSymbolExists.c:
/* */
#include <dlfcn.h>

int main(int argc, char** argv)
{
  (void)argv;
#ifndef dladdr
  return ((int*)(&dladdr))[argc];
#else
  (void)argc;
  return 0;
#endif
}
Performing C SOURCE FILE Test HAVE_STRUCT_STAT_ST_MTIMESPEC_TV_NSEC failed with the following output:
Change Dir: /home/project/cu_riscv32i_cycle_accurate/work/ia/llvm/build/CMakeFiles/CMakeTmp

Run Build Command(s):/contrib/bin/ninja cmTC_9ccae && [1/2] Building C object CMakeFiles/cmTC_9ccae.dir/src.c.o
FAILED: CMakeFiles/cmTC_9ccae.dir/src.c.o 
/contrib/bin/gcc   -DHAVE_STRUCT_STAT_ST_MTIMESPEC_TV_NSEC -o CMakeFiles/cmTC_9ccae.dir/src.c.o   -c src.c
src.c: In function 'main':
src.c:7:36: error: 'struct stat' has no member named 'st_mtimespec'; did you mean 'st_mtim'?
   (void)sizeof(((struct stat *)0)->st_mtimespec.tv_nsec);
                                    ^~~~~~~~~~~~
                                    st_mtim
ninja: build stopped: subcommand failed.


Source file was:

#include <sys/types.h>
#include <sys/stat.h>

int main()
{
  (void)sizeof(((struct stat *)0)->st_mtimespec.tv_nsec);
  return 0;
}

Performing C++ SOURCE FILE Test SUPPORTS_GNU_ZERO_VARIADIC_MACRO_ARGUMENTS_FLAG failed with the following output:
Change Dir: /home/project/cu_riscv32i_cycle_accurate/work/ia/llvm/build/CMakeFiles/CMakeTmp

Run Build Command(s):/contrib/bin/ninja cmTC_29b37 && [1/2] Building CXX object CMakeFiles/cmTC_29b37.dir/src.cxx.o
FAILED: CMakeFiles/cmTC_29b37.dir/src.cxx.o 
/contrib/bin/g++    -include "/home/project/cu_riscv32i_cycle_accurate/work/cu_riscv32i_cycle_accurate_options.hcodal" -DSUPPORTS_GNU_ZERO_VARIADIC_MACRO_ARGUMENTS_FLAG   -Wgnu-zero-variadic-macro-arguments -o CMakeFiles/cmTC_29b37.dir/src.cxx.o -c src.cxx
g++: error: unrecognized command line option '-Wgnu-zero-variadic-macro-arguments'; did you mean '-Wno-variadic-macros'?
ninja: build stopped: subcommand failed.


Source file was:
int main() { return 0; }
Performing C++ SOURCE FILE Test CXX_SUPPORTS_WERROR_UNGUARDED_AVAILABILITY_NEW failed with the following output:
Change Dir: /home/project/cu_riscv32i_cycle_accurate/work/ia/llvm/build/CMakeFiles/CMakeTmp

Run Build Command(s):/contrib/bin/ninja cmTC_6488c && [1/2] Building CXX object CMakeFiles/cmTC_6488c.dir/src.cxx.o
FAILED: CMakeFiles/cmTC_6488c.dir/src.cxx.o 
/contrib/bin/g++    -include "/home/project/cu_riscv32i_cycle_accurate/work/cu_riscv32i_cycle_accurate_options.hcodal" -fPIC -fvisibility-inlines-hidden -Werror=date-time -DCXX_SUPPORTS_WERROR_UNGUARDED_AVAILABILITY_NEW   -Werror -Werror=unguarded-availability-new -o CMakeFiles/cmTC_6488c.dir/src.cxx.o -c src.cxx
cc1plus: error: -Werror=unguarded-availability-new: no option -Wunguarded-availability-new
ninja: build stopped: subcommand failed.


Source file was:
int main() { return 0; }
Performing C SOURCE FILE Test C_SUPPORTS_COVERED_SWITCH_DEFAULT_FLAG failed with the following output:
Change Dir: /home/project/cu_riscv32i_cycle_accurate/work/ia/llvm/build/CMakeFiles/CMakeTmp

Run Build Command(s):/contrib/bin/ninja cmTC_e1a66 && [1/2] Building C object CMakeFiles/cmTC_e1a66.dir/src.c.o
FAILED: CMakeFiles/cmTC_e1a66.dir/src.c.o 
/contrib/bin/gcc   -fPIC -Werror=date-time -Wall -Wextra -Wno-unused-parameter -Wwrite-strings -Wno-missing-field-initializers -pedantic -Wno-long-long -Wimplicit-fallthrough -DC_SUPPORTS_COVERED_SWITCH_DEFAULT_FLAG   -Werror -Wcovered-switch-default -o CMakeFiles/cmTC_e1a66.dir/src.c.o   -c src.c
gcc: error: unrecognized command line option '-Wcovered-switch-default'; did you mean '-Wno-switch-default'?
ninja: build stopped: subcommand failed.


Source file was:
int main(void) { return 0; }
Performing C++ SOURCE FILE Test CXX_SUPPORTS_COVERED_SWITCH_DEFAULT_FLAG failed with the following output:
Change Dir: /home/project/cu_riscv32i_cycle_accurate/work/ia/llvm/build/CMakeFiles/CMakeTmp

Run Build Command(s):/contrib/bin/ninja cmTC_85212 && [1/2] Building CXX object CMakeFiles/cmTC_85212.dir/src.cxx.o
FAILED: CMakeFiles/cmTC_85212.dir/src.cxx.o 
/contrib/bin/g++    -include "/home/project/cu_riscv32i_cycle_accurate/work/cu_riscv32i_cycle_accurate_options.hcodal" -fPIC -fvisibility-inlines-hidden -Werror=date-time -std=c++11 -Wall -Wextra -Wno-unused-parameter -Wwrite-strings -Wcast-qual -Wno-missing-field-initializers -pedantic -Wno-long-long -Wimplicit-fallthrough -DCXX_SUPPORTS_COVERED_SWITCH_DEFAULT_FLAG   -Werror -Wcovered-switch-default -o CMakeFiles/cmTC_85212.dir/src.cxx.o -c src.cxx
g++: error: unrecognized command line option '-Wcovered-switch-default'; did you mean '-Wno-switch-default'?
ninja: build stopped: subcommand failed.


Source file was:
int main() { return 0; }
Performing C++ SOURCE FILE Test CXX_SUPPORTS_CLASS_MEMACCESS_FLAG failed with the following output:
Change Dir: /home/project/cu_riscv32i_cycle_accurate/work/ia/llvm/build/CMakeFiles/CMakeTmp

Run Build Command(s):/contrib/bin/ninja cmTC_dad02 && [1/2] Building CXX object CMakeFiles/cmTC_dad02.dir/src.cxx.o
FAILED: CMakeFiles/cmTC_dad02.dir/src.cxx.o 
/contrib/bin/g++    -include "/home/project/cu_riscv32i_cycle_accurate/work/cu_riscv32i_cycle_accurate_options.hcodal" -fPIC -fvisibility-inlines-hidden -Werror=date-time -std=c++11 -Wall -Wextra -Wno-unused-parameter -Wwrite-strings -Wcast-qual -Wno-missing-field-initializers -pedantic -Wno-long-long -Wimplicit-fallthrough -Wno-maybe-uninitialized -DCXX_SUPPORTS_CLASS_MEMACCESS_FLAG   -Wclass-memaccess -o CMakeFiles/cmTC_dad02.dir/src.cxx.o -c src.cxx
g++: error: unrecognized command line option '-Wclass-memaccess'
ninja: build stopped: subcommand failed.


Source file was:
int main() { return 0; }
Performing C SOURCE FILE Test C_SUPPORTS_DELETE_NON_VIRTUAL_DTOR_FLAG failed with the following output:
Change Dir: /home/project/cu_riscv32i_cycle_accurate/work/ia/llvm/build/CMakeFiles/CMakeTmp

Run Build Command(s):/contrib/bin/ninja cmTC_9d389 && [1/2] Building C object CMakeFiles/cmTC_9d389.dir/src.c.o
FAILED: CMakeFiles/cmTC_9d389.dir/src.c.o 
/contrib/bin/gcc   -fPIC -Werror=date-time -Wall -Wextra -Wno-unused-parameter -Wwrite-strings -Wno-missing-field-initializers -pedantic -Wno-long-long -Wimplicit-fallthrough -DC_SUPPORTS_DELETE_NON_VIRTUAL_DTOR_FLAG   -Werror -Wdelete-non-virtual-dtor -o CMakeFiles/cmTC_9d389.dir/src.c.o   -c src.c
cc1: error: command line option '-Wdelete-non-virtual-dtor' is valid for C++/ObjC++ but not for C [-Werror]
cc1: all warnings being treated as errors
ninja: build stopped: subcommand failed.


Source file was:
int main(void) { return 0; }
Performing C SOURCE FILE Test C_WCOMMENT_ALLOWS_LINE_WRAP failed with the following output:
Change Dir: /home/project/cu_riscv32i_cycle_accurate/work/ia/llvm/build/CMakeFiles/CMakeTmp

Run Build Command(s):/contrib/bin/ninja cmTC_82619 && [1/2] Building C object CMakeFiles/cmTC_82619.dir/src.c.o
FAILED: CMakeFiles/cmTC_82619.dir/src.c.o 
/contrib/bin/gcc -D_GNU_SOURCE  -fPIC -Werror=date-time -Wall -Wextra -Wno-unused-parameter -Wwrite-strings -Wno-missing-field-initializers -pedantic -Wno-long-long -Wimplicit-fallthrough -DC_WCOMMENT_ALLOWS_LINE_WRAP  -Werror -Wcomment -o CMakeFiles/cmTC_82619.dir/src.c.o   -c src.c
src.c:1:1: error: multi-line comment [-Werror=comment]
 // \
 ^
cc1: all warnings being treated as errors
ninja: build stopped: subcommand failed.


Source file was:
// \
//
int main() {return 0;}
Performing C SOURCE FILE Test C_SUPPORTS_STRING_CONVERSION_FLAG failed with the following output:
Change Dir: /home/project/cu_riscv32i_cycle_accurate/work/ia/llvm/build/CMakeFiles/CMakeTmp

Run Build Command(s):/contrib/bin/ninja cmTC_0feec && [1/2] Building C object CMakeFiles/cmTC_0feec.dir/src.c.o
FAILED: CMakeFiles/cmTC_0feec.dir/src.c.o 
/contrib/bin/gcc   -fPIC -Werror=date-time -Wall -Wextra -Wno-unused-parameter -Wwrite-strings -Wno-missing-field-initializers -pedantic -Wno-long-long -Wimplicit-fallthrough -Wno-comment -DC_SUPPORTS_STRING_CONVERSION_FLAG   -Werror -Wstring-conversion -o CMakeFiles/cmTC_0feec.dir/src.c.o   -c src.c
gcc: error: unrecognized command line option '-Wstring-conversion'; did you mean '-Wint-conversion'?
ninja: build stopped: subcommand failed.


Source file was:
int main(void) { return 0; }
Performing C++ SOURCE FILE Test CXX_SUPPORTS_STRING_CONVERSION_FLAG failed with the following output:
Change Dir: /home/project/cu_riscv32i_cycle_accurate/work/ia/llvm/build/CMakeFiles/CMakeTmp

Run Build Command(s):/contrib/bin/ninja cmTC_d1dfb && [1/2] Building CXX object CMakeFiles/cmTC_d1dfb.dir/src.cxx.o
FAILED: CMakeFiles/cmTC_d1dfb.dir/src.cxx.o 
/contrib/bin/g++    -include "/home/project/cu_riscv32i_cycle_accurate/work/cu_riscv32i_cycle_accurate_options.hcodal" -fPIC -fvisibility-inlines-hidden -Werror=date-time -std=c++11 -Wall -Wextra -Wno-unused-parameter -Wwrite-strings -Wcast-qual -Wno-missing-field-initializers -pedantic -Wno-long-long -Wimplicit-fallthrough -Wno-maybe-uninitialized -Wno-noexcept-type -Wdelete-non-virtual-dtor -Wno-comment -DCXX_SUPPORTS_STRING_CONVERSION_FLAG   -Werror -Wstring-conversion -o CMakeFiles/cmTC_d1dfb.dir/src.cxx.o -c src.cxx
g++: error: unrecognized command line option '-Wstring-conversion'; did you mean '-Wint-conversion'?
ninja: build stopped: subcommand failed.


Source file was:
int main() { return 0; }
Performing C++ SOURCE FILE Test LINKER_SUPPORTS_COLOR_DIAGNOSTICS failed with the following output:
Change Dir: /home/project/cu_riscv32i_cycle_accurate/work/ia/llvm/build/CMakeFiles/CMakeTmp

Run Build Command(s):/contrib/bin/ninja cmTC_7774a && [1/2] Building CXX object CMakeFiles/cmTC_7774a.dir/src.cxx.o
[2/2] Linking CXX executable cmTC_7774a
FAILED: cmTC_7774a 
: && /contrib/bin/g++  -include "/home/project/cu_riscv32i_cycle_accurate/work/cu_riscv32i_cycle_accurate_options.hcodal" -fPIC -fvisibility-inlines-hidden -Werror=date-time -std=c++11 -Wall -Wextra -Wno-unused-parameter -Wwrite-strings -Wcast-qual -Wno-missing-field-initializers -pedantic -Wno-long-long -Wimplicit-fallthrough -Wno-maybe-uninitialized -Wno-noexcept-type -Wdelete-non-virtual-dtor -Wno-comment -fdiagnostics-color -DLINKER_SUPPORTS_COLOR_DIAGNOSTICS  -static-libgcc -static-libstdc++ -Wl,--color-diagnostics CMakeFiles/cmTC_7774a.dir/src.cxx.o  -o cmTC_7774a  -lm && :
/contrib/bin/../lib/gcc/x86_64-linux-gnu/7.4.0/../../../../x86_64-linux-gnu/bin/ld: unrecognized option '--color-diagnostics'
/contrib/bin/../lib/gcc/x86_64-linux-gnu/7.4.0/../../../../x86_64-linux-gnu/bin/ld: use the --help option for usage information
collect2: error: ld returned 1 exit status
ninja: build stopped: subcommand failed.


Source file was:
int main() { return 0; }
Determining if the os_signpost_interval_begin exist failed with the following output:
Change Dir: /home/project/cu_riscv32i_cycle_accurate/work/ia/llvm/build/CMakeFiles/CMakeTmp

Run Build Command(s):/contrib/bin/ninja cmTC_74840 && [1/2] Building C object CMakeFiles/cmTC_74840.dir/CheckSymbolExists.c.o
FAILED: CMakeFiles/cmTC_74840.dir/CheckSymbolExists.c.o 
/contrib/bin/gcc -D_GNU_SOURCE  -fPIC -Werror=date-time -Wall -Wextra -Wno-unused-parameter -Wwrite-strings -Wno-missing-field-initializers -pedantic -Wno-long-long -Wimplicit-fallthrough -Wno-comment -fdiagnostics-color -ffunction-sections -fdata-sections -o CMakeFiles/cmTC_74840.dir/CheckSymbolExists.c.o   -c CheckSymbolExists.c
CheckSymbolExists.c:2:10: fatal error: os/signpost.h: No such file or directory
 #include <os/signpost.h>
          ^~~~~~~~~~~~~~~
compilation terminated.
ninja: build stopped: subcommand failed.


File /home/project/cu_riscv32i_cycle_accurate/work/ia/llvm/build/CMakeFiles/CMakeTmp/CheckSymbolExists.c:
/* */
#include <os/signpost.h>

int main(int argc, char** argv)
{
  (void)argv;
#ifndef os_signpost_interval_begin
  return ((int*)(&os_signpost_interval_begin))[argc];
#else
  (void)argc;
  return 0;
#endif
}
